This is XeTeX, Version 3.141592653-2.6-0.999995 (MiKTeX 24.1) (preloaded format=xelatex 2025.1.16)  16 JAN 2025 12:55
entering extended mode
 restricted \write18 enabled.
 %&-line parsing enabled.
**./index.tex
(index.tex
LaTeX2e <2023-11-01> patch level 1
L3 programming layer <2024-01-04>

(C:\Users\isabella.garfield\AppData\Local\Programs\MiKTeX\tex/latex/koma-script
\scrbook.cls
Document Class: scrbook 2024/10/24 v3.43 KOMA-Script document class (book)

(C:\Users\isabella.garfield\AppData\Local\Programs\MiKTeX\tex/latex/koma-script
\scrkbase.sty
Package: scrkbase 2024/10/24 v3.43 KOMA-Script package (KOMA-Script-dependent b
asics and keyval usage)

(C:\Users\isabella.garfield\AppData\Local\Programs\MiKTeX\tex/latex/koma-script
\scrbase.sty
Package: scrbase 2024/10/24 v3.43 KOMA-Script package (KOMA-Script-independent 
basics and keyval usage)

(C:\Users\isabella.garfield\AppData\Local\Programs\MiKTeX\tex/latex/koma-script
\scrlfile.sty
Package: scrlfile 2024/10/24 v3.43 KOMA-Script package (file load hooks)

(C:\Users\isabella.garfield\AppData\Local\Programs\MiKTeX\tex/latex/koma-script
\scrlfile-hook.sty
Package: scrlfile-hook 2024/10/24 v3.43 KOMA-Script package (using LaTeX hooks)


(C:\Users\isabella.garfield\AppData\Local\Programs\MiKTeX\tex/latex/koma-script
\scrlogo.sty
Package: scrlogo 2024/10/24 v3.43 KOMA-Script package (logo)
)))
(C:\Users\isabella.garfield\AppData\Local\Programs\MiKTeX\tex/latex/graphics\ke
yval.sty
Package: keyval 2022/05/29 v1.15 key=value parser (DPC)
\KV@toks@=\toks17
)
Applying: [2021/05/01] Usage of raw or classic option list on input line 254.
Already applied: [0000/00/00] Usage of raw or classic option list on input line
 370.
))
(C:\Users\isabella.garfield\AppData\Local\Programs\MiKTeX\tex/latex/koma-script
\tocbasic.sty
Package: tocbasic 2024/10/24 v3.43 KOMA-Script package (handling toc-files)
\scr@dte@tocline@numberwidth=\skip48
\scr@dte@tocline@numbox=\box51
)
Package tocbasic Info: omitting babel extension for `toc'
(tocbasic)             because of feature `nobabel' available
(tocbasic)             for `toc' on input line 137.
Class scrbook Info: You've used standard option `oneside'.
(scrbook)           This is correct!
(scrbook)           Internally I'm using `twoside=false'.
(scrbook)           If you'd like to set the option with \KOMAoptions,
(scrbook)           you'd have to use `twoside=false' there
(scrbook)           instead of `oneside', too.
Class scrbook Info: File `scrsize11pt.clo' used instead of
(scrbook)           file `scrsize11.clo' to setup font sizes on input line 2716
.

(C:\Users\isabella.garfield\AppData\Local\Programs\MiKTeX\tex/latex/koma-script
\scrsize11pt.clo
File: scrsize11pt.clo 2024/10/24 v3.43 KOMA-Script font size class option (11pt
)
)
(C:\Users\isabella.garfield\AppData\Local\Programs\MiKTeX\tex/latex/koma-script
\typearea.sty
Package: typearea 2024/10/24 v3.43 KOMA-Script package (type area)
\ta@bcor=\skip49
\ta@div=\count183
Package typearea Info: You've used standard option `letterpaper'.
(typearea)             This is correct!
(typearea)             Internally I'm using `paper=letter'.
(typearea)             If you'd like to set the option with \KOMAoptions,
(typearea)             you'd have to use `paper=letter' there
(typearea)             instead of `letterpaper', too.
Package typearea Info: You've used standard option `oneside'.
(typearea)             This is correct!
(typearea)             Internally I'm using `twoside=false'.
(typearea)             If you'd like to set the option with \KOMAoptions,
(typearea)             you'd have to use `twoside=false' there
(typearea)             instead of `oneside', too.
\ta@hblk=\skip50
\ta@vblk=\skip51
\ta@temp=\skip52
\footheight=\skip53
Package typearea Info: With paper sizes other than (almost) `A4' predefined
(typearea)             DIV values do not exist. Using DIV calculation for good
(typearea)             line width (unless using `version=3.24` or prior).

Package typearea Info: DIV calculation for classic typearea. on input line 1802
.

Package typearea Info: These are the values describing the layout:
(typearea)             DIV  = 7
(typearea)             BCOR = 0.0pt
(typearea)             \paperwidth      = 614.295pt
(typearea)              \textwidth      = 351.02573pt
(typearea)              DIV departure   = 3%
(typearea)              \evensidemargin = 59.36464pt
(typearea)              \oddsidemargin  = 59.36464pt
(typearea)             \paperheight     = 794.96999pt
(typearea)              \textheight     = 459.8002pt
(typearea)              \topmargin      = 3.89714pt
(typearea)              \headheight     = 17.0pt
(typearea)              \headsep        = 20.40001pt
(typearea)              \topskip        = 11.0pt
(typearea)              \footskip       = 47.6pt
(typearea)              \baselineskip   = 13.6pt
(typearea)              on input line 1802.
)
\c@part=\count184
\c@chapter=\count185
\c@section=\count186
\c@subsection=\count187
\c@subsubsection=\count188
\c@paragraph=\count189
\c@subparagraph=\count190
\scr@dte@chapter@maxnumwidth=\skip54
Class scrbook Info: using compatibility default `afterindent=bysign'
(scrbook)           for `\chapter on input line 6016.
\scr@dte@section@maxnumwidth=\skip55
Class scrbook Info: using compatibility default `runin=bysign'
(scrbook)           for `\section on input line 6027.
Class scrbook Info: using compatibility default `afterindent=bysign'
(scrbook)           for `\section on input line 6027.
\scr@dte@part@maxnumwidth=\skip56
Class scrbook Info: using compatibility default `afterindent=true'
(scrbook)           for `\part on input line 6036.
\scr@dte@subsection@maxnumwidth=\skip57
Class scrbook Info: using compatibility default `runin=bysign'
(scrbook)           for `\subsection on input line 6046.
Class scrbook Info: using compatibility default `afterindent=bysign'
(scrbook)           for `\subsection on input line 6046.
\scr@dte@subsubsection@maxnumwidth=\skip58
Class scrbook Info: using compatibility default `runin=bysign'
(scrbook)           for `\subsubsection on input line 6056.
Class scrbook Info: using compatibility default `afterindent=bysign'
(scrbook)           for `\subsubsection on input line 6056.
\scr@dte@paragraph@maxnumwidth=\skip59
Class scrbook Info: using compatibility default `runin=bysign'
(scrbook)           for `\paragraph on input line 6067.
Class scrbook Info: using compatibility default `afterindent=bysign'
(scrbook)           for `\paragraph on input line 6067.
\scr@dte@subparagraph@maxnumwidth=\skip60
Class scrbook Info: using compatibility default `runin=bysign'
(scrbook)           for `\subparagraph on input line 6077.
Class scrbook Info: using compatibility default `afterindent=bysign'
(scrbook)           for `\subparagraph on input line 6077.
\abovecaptionskip=\skip61
\belowcaptionskip=\skip62
\c@pti@nb@sid@b@x=\box52
Package tocbasic Info: omitting babel extension for `lof'
(tocbasic)             because of feature `nobabel' available
(tocbasic)             for `lof' on input line 7271.
\scr@dte@figure@maxnumwidth=\skip63
\c@figure=\count191
Package tocbasic Info: omitting babel extension for `lot'
(tocbasic)             because of feature `nobabel' available
(tocbasic)             for `lot' on input line 7288.
\scr@dte@table@maxnumwidth=\skip64
\c@table=\count192
Class scrbook Info: Redefining `\numberline' on input line 7459.
\bibindent=\dimen140
)
(C:\Users\isabella.garfield\AppData\Local\Programs\MiKTeX\tex/latex/amsmath\ams
math.sty
Package: amsmath 2023/05/13 v2.17o AMS math features
\@mathmargin=\skip65
For additional information on amsmath, use the `?' option.

(C:\Users\isabella.garfield\AppData\Local\Programs\MiKTeX\tex/latex/amsmath\ams
text.sty
Package: amstext 2021/08/26 v2.01 AMS text

(C:\Users\isabella.garfield\AppData\Local\Programs\MiKTeX\tex/latex/amsmath\ams
gen.sty
File: amsgen.sty 1999/11/30 v2.0 generic functions
\@emptytoks=\toks18
\ex@=\dimen141
))
(C:\Users\isabella.garfield\AppData\Local\Programs\MiKTeX\tex/latex/amsmath\ams
bsy.sty
Package: amsbsy 1999/11/29 v1.2d Bold Symbols
\pmbraise@=\dimen142
)
(C:\Users\isabella.garfield\AppData\Local\Programs\MiKTeX\tex/latex/amsmath\ams
opn.sty
Package: amsopn 2022/04/08 v2.04 operator names
)
\inf@bad=\count193
LaTeX Info: Redefining \frac on input line 234.
\uproot@=\count194
\leftroot@=\count195
LaTeX Info: Redefining \overline on input line 399.
LaTeX Info: Redefining \colon on input line 410.
\classnum@=\count196
\DOTSCASE@=\count197
LaTeX Info: Redefining \ldots on input line 496.
LaTeX Info: Redefining \dots on input line 499.
LaTeX Info: Redefining \cdots on input line 620.
\Mathstrutbox@=\box53
\strutbox@=\box54
LaTeX Info: Redefining \big on input line 722.
LaTeX Info: Redefining \Big on input line 723.
LaTeX Info: Redefining \bigg on input line 724.
LaTeX Info: Redefining \Bigg on input line 725.
\big@size=\dimen143
LaTeX Font Info:    Redeclaring font encoding OML on input line 743.
LaTeX Font Info:    Redeclaring font encoding OMS on input line 744.
\macc@depth=\count198
LaTeX Info: Redefining \bmod on input line 905.
LaTeX Info: Redefining \pmod on input line 910.
LaTeX Info: Redefining \smash on input line 940.
LaTeX Info: Redefining \relbar on input line 970.
LaTeX Info: Redefining \Relbar on input line 971.
\c@MaxMatrixCols=\count199
\dotsspace@=\muskip16
\c@parentequation=\count266
\dspbrk@lvl=\count267
\tag@help=\toks19
\row@=\count268
\column@=\count269
\maxfields@=\count270
\andhelp@=\toks20
\eqnshift@=\dimen144
\alignsep@=\dimen145
\tagshift@=\dimen146
\tagwidth@=\dimen147
\totwidth@=\dimen148
\lineht@=\dimen149
\@envbody=\toks21
\multlinegap=\skip66
\multlinetaggap=\skip67
\mathdisplay@stack=\toks22
LaTeX Info: Redefining \[ on input line 2953.
LaTeX Info: Redefining \] on input line 2954.
)
(C:\Users\isabella.garfield\AppData\Local\Programs\MiKTeX\tex/latex/amsfonts\am
ssymb.sty
Package: amssymb 2013/01/14 v3.01 AMS font symbols

(C:\Users\isabella.garfield\AppData\Local\Programs\MiKTeX\tex/latex/amsfonts\am
sfonts.sty
Package: amsfonts 2013/01/14 v3.01 Basic AMSFonts support
\symAMSa=\mathgroup4
\symAMSb=\mathgroup5
LaTeX Font Info:    Redeclaring math symbol \hbar on input line 98.
LaTeX Font Info:    Overwriting math alphabet `\mathfrak' in version `bold'
(Font)                  U/euf/m/n --> U/euf/b/n on input line 106.
))
(C:\Users\isabella.garfield\AppData\Local\Programs\MiKTeX\tex/generic/iftex\ift
ex.sty
Package: iftex 2022/02/03 v1.0f TeX engine tests
)
(C:\Users\isabella.garfield\AppData\Local\Programs\MiKTeX\tex/latex/unicode-mat
h\unicode-math.sty
(C:\Users\isabella.garfield\AppData\Local\Programs\MiKTeX\tex/latex/l3kernel\ex
pl3.sty
Package: expl3 2024-01-04 L3 programming layer (loader) 

(C:\Users\isabella.garfield\AppData\Local\Programs\MiKTeX\tex/latex/l3backend\l
3backend-xetex.def
File: l3backend-xetex.def 2024-01-04 L3 backend support: XeTeX
\g__graphics_track_int=\count271
\l__pdf_internal_box=\box55
\g__pdf_backend_object_int=\count272
\g__pdf_backend_annotation_int=\count273
\g__pdf_backend_link_int=\count274
))
Package: unicode-math 2023/08/13 v0.8r Unicode maths in XeLaTeX and LuaLaTeX

(C:\Users\isabella.garfield\AppData\Local\Programs\MiKTeX\tex/latex/unicode-mat
h\unicode-math-xetex.sty
Package: unicode-math-xetex 2023/08/13 v0.8r Unicode maths in XeLaTeX and LuaLa
TeX

(C:\Users\isabella.garfield\AppData\Local\Programs\MiKTeX\tex/latex/l3packages/
xparse\xparse.sty
Package: xparse 2023-10-10 L3 Experimental document command parser
)
(C:\Users\isabella.garfield\AppData\Local\Programs\MiKTeX\tex/latex/l3packages/
l3keys2e\l3keys2e.sty
Package: l3keys2e 2023-10-10 LaTeX2e option processing using LaTeX3 keys
)
(C:\Users\isabella.garfield\AppData\Local\Programs\MiKTeX\tex/latex/fontspec\fo
ntspec.sty
Package: fontspec 2022/01/15 v2.8a Font selection for XeLaTeX and LuaLaTeX

(C:\Users\isabella.garfield\AppData\Local\Programs\MiKTeX\tex/latex/fontspec\fo
ntspec-xetex.sty
Package: fontspec-xetex 2022/01/15 v2.8a Font selection for XeLaTeX and LuaLaTe
X
\l__fontspec_script_int=\count275
\l__fontspec_language_int=\count276
\l__fontspec_strnum_int=\count277
\l__fontspec_tmp_int=\count278
\l__fontspec_tmpa_int=\count279
\l__fontspec_tmpb_int=\count280
\l__fontspec_tmpc_int=\count281
\l__fontspec_em_int=\count282
\l__fontspec_emdef_int=\count283
\l__fontspec_strong_int=\count284
\l__fontspec_strongdef_int=\count285
\l__fontspec_tmpa_dim=\dimen150
\l__fontspec_tmpb_dim=\dimen151
\l__fontspec_tmpc_dim=\dimen152

(C:\Users\isabella.garfield\AppData\Local\Programs\MiKTeX\tex/latex/base\fonten
c.sty
Package: fontenc 2021/04/29 v2.0v Standard LaTeX package
)
(C:\Users\isabella.garfield\AppData\Local\Programs\MiKTeX\tex/latex/fontspec\fo
ntspec.cfg)))
(C:\Users\isabella.garfield\AppData\Local\Programs\MiKTeX\tex/latex/base\fix-cm
.sty
Package: fix-cm 2020/11/24 v1.1t fixes to LaTeX

(C:\Users\isabella.garfield\AppData\Local\Programs\MiKTeX\tex/latex/base\ts1enc
.def
File: ts1enc.def 2001/06/05 v3.0e (jk/car/fm) Standard LaTeX file
LaTeX Font Info:    Redeclaring font encoding TS1 on input line 47.
))
\g__um_fam_int=\count286
\g__um_fonts_used_int=\count287
\l__um_primecount_int=\count288
\g__um_primekern_muskip=\muskip17

(C:\Users\isabella.garfield\AppData\Local\Programs\MiKTeX\tex/latex/unicode-mat
h\unicode-math-table.tex)))
(C:\Users\isabella.garfield\AppData\Local\Programs\MiKTeX\tex/latex/lm\lmodern.
sty
Package: lmodern 2015/05/01 v1.6.1 Latin Modern Fonts
LaTeX Font Info:    Overwriting symbol font `operators' in version `normal'
(Font)                  OT1/cmr/m/n --> OT1/lmr/m/n on input line 22.
LaTeX Font Info:    Overwriting symbol font `letters' in version `normal'
(Font)                  OML/cmm/m/it --> OML/lmm/m/it on input line 23.
LaTeX Font Info:    Overwriting symbol font `symbols' in version `normal'
(Font)                  OMS/cmsy/m/n --> OMS/lmsy/m/n on input line 24.
LaTeX Font Info:    Overwriting symbol font `largesymbols' in version `normal'
(Font)                  OMX/cmex/m/n --> OMX/lmex/m/n on input line 25.
LaTeX Font Info:    Overwriting symbol font `operators' in version `bold'
(Font)                  OT1/cmr/bx/n --> OT1/lmr/bx/n on input line 26.
LaTeX Font Info:    Overwriting symbol font `letters' in version `bold'
(Font)                  OML/cmm/b/it --> OML/lmm/b/it on input line 27.
LaTeX Font Info:    Overwriting symbol font `symbols' in version `bold'
(Font)                  OMS/cmsy/b/n --> OMS/lmsy/b/n on input line 28.
LaTeX Font Info:    Overwriting symbol font `largesymbols' in version `bold'
(Font)                  OMX/cmex/m/n --> OMX/lmex/m/n on input line 29.
LaTeX Font Info:    Overwriting math alphabet `\mathbf' in version `normal'
(Font)                  OT1/cmr/bx/n --> OT1/lmr/bx/n on input line 31.
LaTeX Font Info:    Overwriting math alphabet `\mathsf' in version `normal'
(Font)                  OT1/cmss/m/n --> OT1/lmss/m/n on input line 32.
LaTeX Font Info:    Overwriting math alphabet `\mathit' in version `normal'
(Font)                  OT1/cmr/m/it --> OT1/lmr/m/it on input line 33.
LaTeX Font Info:    Overwriting math alphabet `\mathtt' in version `normal'
(Font)                  OT1/cmtt/m/n --> OT1/lmtt/m/n on input line 34.
LaTeX Font Info:    Overwriting math alphabet `\mathbf' in version `bold'
(Font)                  OT1/cmr/bx/n --> OT1/lmr/bx/n on input line 35.
LaTeX Font Info:    Overwriting math alphabet `\mathsf' in version `bold'
(Font)                  OT1/cmss/bx/n --> OT1/lmss/bx/n on input line 36.
LaTeX Font Info:    Overwriting math alphabet `\mathit' in version `bold'
(Font)                  OT1/cmr/bx/it --> OT1/lmr/bx/it on input line 37.
LaTeX Font Info:    Overwriting math alphabet `\mathtt' in version `bold'
(Font)                  OT1/cmtt/m/n --> OT1/lmtt/m/n on input line 38.
)
(C:\Users\isabella.garfield\AppData\Local\Programs\MiKTeX\tex/latex/upquote\upq
uote.sty
Package: upquote 2012/04/19 v1.3 upright-quote and grave-accent glyphs in verba
tim

(C:\Users\isabella.garfield\AppData\Local\Programs\MiKTeX\tex/latex/base\textco
mp.sty
Package: textcomp 2020/02/02 v2.0n Standard LaTeX package
))
(C:\Users\isabella.garfield\AppData\Local\Programs\MiKTeX\tex/latex/microtype\m
icrotype.sty
Package: microtype 2024/12/12 v3.2 Micro-typographical refinements (RS)

(C:\Users\isabella.garfield\AppData\Local\Programs\MiKTeX\tex/latex/etoolbox\et
oolbox.sty
Package: etoolbox 2020/10/05 v2.5k e-TeX tools for LaTeX (JAW)
\etb@tempcnta=\count289
)
\MT@toks=\toks23
\MT@tempbox=\box56
\MT@count=\count290
LaTeX Info: Redefining \noprotrusionifhmode on input line 1075.
LaTeX Info: Redefining \leftprotrusion on input line 1076.
\MT@prot@toks=\toks24
LaTeX Info: Redefining \rightprotrusion on input line 1095.
LaTeX Info: Redefining \textls on input line 1437.
\MT@outer@kern=\dimen153
LaTeX Info: Redefining \microtypecontext on input line 2041.
LaTeX Info: Redefining \textmicrotypecontext on input line 2058.
\MT@listname@count=\count291

(C:\Users\isabella.garfield\AppData\Local\Programs\MiKTeX\tex/latex/microtype\m
icrotype-xetex.def
File: microtype-xetex.def 2024/12/12 v3.2 Definitions specific to xetex (RS)
LaTeX Info: Redefining \lsstyle on input line 443.
LaTeX Info: Redefining \lslig on input line 451.
\MT@outer@space=\skip68
)
Package microtype Info: Loading configuration file microtype.cfg.

(C:\Users\isabella.garfield\AppData\Local\Programs\MiKTeX\tex/latex/microtype\m
icrotype.cfg
File: microtype.cfg 2024/12/12 v3.2 microtype main configuration file (RS)
)
LaTeX Info: Redefining \microtypesetup on input line 3053.
)
(C:\Users\isabella.garfield\AppData\Local\Programs\MiKTeX\tex/latex/xcolor\xcol
or.sty
Package: xcolor 2023/11/15 v3.01 LaTeX color extensions (UK)

(C:\Users\isabella.garfield\AppData\Local\Programs\MiKTeX\tex/latex/graphics-cf
g\color.cfg
File: color.cfg 2016/01/02 v1.6 sample color configuration
)
Package xcolor Info: Driver file: xetex.def on input line 274.

(C:\Users\isabella.garfield\AppData\Local\Programs\MiKTeX\tex/latex/graphics-de
f\xetex.def
File: xetex.def 2022/09/22 v5.0n Graphics/color driver for xetex
)
(C:\Users\isabella.garfield\AppData\Local\Programs\MiKTeX\tex/latex/graphics\ma
thcolor.ltx)
Package xcolor Info: Model `cmy' substituted by `cmy0' on input line 1350.
Package xcolor Info: Model `RGB' extended on input line 1366.
Package xcolor Info: Model `HTML' substituted by `rgb' on input line 1368.
Package xcolor Info: Model `Hsb' substituted by `hsb' on input line 1369.
Package xcolor Info: Model `tHsb' substituted by `hsb' on input line 1370.
Package xcolor Info: Model `HSB' substituted by `hsb' on input line 1371.
Package xcolor Info: Model `Gray' substituted by `gray' on input line 1372.
Package xcolor Info: Model `wave' substituted by `hsb' on input line 1373.
)
(C:\Users\isabella.garfield\AppData\Local\Programs\MiKTeX\tex/latex/tools\longt
able.sty
Package: longtable 2023-11-01 v4.19 Multi-page Table package (DPC)
\LTleft=\skip69
\LTright=\skip70
\LTpre=\skip71
\LTpost=\skip72
\LTchunksize=\count292
\LTcapwidth=\dimen154
\LT@head=\box57
\LT@firsthead=\box58
\LT@foot=\box59
\LT@lastfoot=\box60
\LT@gbox=\box61
\LT@cols=\count293
\LT@rows=\count294
\c@LT@tables=\count295
\c@LT@chunks=\count296
\LT@p@ftn=\toks25
)
Class scrbook Info: longtable captions redefined on input line 56.

(C:\Users\isabella.garfield\AppData\Local\Programs\MiKTeX\tex/latex/booktabs\bo
oktabs.sty
Package: booktabs 2020/01/12 v1.61803398 Publication quality tables
\heavyrulewidth=\dimen155
\lightrulewidth=\dimen156
\cmidrulewidth=\dimen157
\belowrulesep=\dimen158
\belowbottomsep=\dimen159
\aboverulesep=\dimen160
\abovetopsep=\dimen161
\cmidrulesep=\dimen162
\cmidrulekern=\dimen163
\defaultaddspace=\dimen164
\@cmidla=\count297
\@cmidlb=\count298
\@aboverulesep=\dimen165
\@belowrulesep=\dimen166
\@thisruleclass=\count299
\@lastruleclass=\count300
\@thisrulewidth=\dimen167
)
(C:\Users\isabella.garfield\AppData\Local\Programs\MiKTeX\tex/latex/tools\array
.sty
Package: array 2023/10/16 v2.5g Tabular extension package (FMi)
\col@sep=\dimen168
\ar@mcellbox=\box62
\extrarowheight=\dimen169
\NC@list=\toks26
\extratabsurround=\skip73
\backup@length=\skip74
\ar@cellbox=\box63
)
(C:\Users\isabella.garfield\AppData\Local\Programs\MiKTeX\tex/latex/tools\calc.
sty
Package: calc 2023/07/08 v4.3 Infix arithmetic (KKT,FJ)
\calc@Acount=\count301
\calc@Bcount=\count302
\calc@Adimen=\dimen170
\calc@Bdimen=\dimen171
\calc@Askip=\skip75
\calc@Bskip=\skip76
LaTeX Info: Redefining \setlength on input line 80.
LaTeX Info: Redefining \addtolength on input line 81.
\calc@Ccount=\count303
\calc@Cskip=\skip77
)
(C:\Users\isabella.garfield\AppData\Local\Programs\MiKTeX\tex/latex/footnotehyp
er\footnotehyper.sty
Package: footnotehyper 2021/08/13 v1.1e hyperref aware footnote.sty (JFB)
\FNH@notes=\box64
\FNH@width=\dimen172
\FNH@toks=\toks27
)
(C:\Users\isabella.garfield\AppData\Local\Programs\MiKTeX\tex/latex/graphics\gr
aphicx.sty
Package: graphicx 2021/09/16 v1.2d Enhanced LaTeX Graphics (DPC,SPQR)

(C:\Users\isabella.garfield\AppData\Local\Programs\MiKTeX\tex/latex/graphics\gr
aphics.sty
Package: graphics 2022/03/10 v1.4e Standard LaTeX Graphics (DPC,SPQR)

(C:\Users\isabella.garfield\AppData\Local\Programs\MiKTeX\tex/latex/graphics\tr
ig.sty
Package: trig 2021/08/11 v1.11 sin cos tan (DPC)
)
(C:\Users\isabella.garfield\AppData\Local\Programs\MiKTeX\tex/latex/graphics-cf
g\graphics.cfg
File: graphics.cfg 2016/06/04 v1.11 sample graphics configuration
)
Package graphics Info: Driver file: xetex.def on input line 107.
)
\Gin@req@height=\dimen173
\Gin@req@width=\dimen174
)
(C:\Users\isabella.garfield\AppData\Local\Programs\MiKTeX\tex/latex/opensans\op
ensans.sty
Package: opensans 2019/06/20 Style file for Open Sans.

(C:\Users\isabella.garfield\AppData\Local\Programs\MiKTeX\tex/latex/fontaxes\fo
ntaxes.sty
Package: fontaxes 2020/07/21 v1.0e Font selection axes
LaTeX Info: Redefining \upshape on input line 29.
LaTeX Info: Redefining \itshape on input line 31.
LaTeX Info: Redefining \slshape on input line 33.
LaTeX Info: Redefining \swshape on input line 35.
LaTeX Info: Redefining \scshape on input line 37.
LaTeX Info: Redefining \sscshape on input line 39.
LaTeX Info: Redefining \ulcshape on input line 41.
LaTeX Info: Redefining \textsw on input line 47.
LaTeX Info: Redefining \textssc on input line 48.
LaTeX Info: Redefining \textulc on input line 49.
)
(C:\Users\isabella.garfield\AppData\Local\Programs\MiKTeX\tex/generic/iftex\ifl
uatex.sty
Package: ifluatex 2019/10/25 v1.5 ifluatex legacy package. Use iftex instead.
)
(C:\Users\isabella.garfield\AppData\Local\Programs\MiKTeX\tex/generic/iftex\ifx
etex.sty
Package: ifxetex 2019/10/25 v0.7 ifxetex legacy package. Use iftex instead.
)
(C:\Users\isabella.garfield\AppData\Local\Programs\MiKTeX\tex/latex/xkeyval\xke
yval.sty
Package: xkeyval 2022/06/16 v2.9 package option processing (HA)

(C:\Users\isabella.garfield\AppData\Local\Programs\MiKTeX\tex/generic/xkeyval\x
keyval.tex
(C:\Users\isabella.garfield\AppData\Local\Programs\MiKTeX\tex/generic/xkeyval\x
kvutils.tex
\XKV@toks=\toks28
\XKV@tempa@toks=\toks29
)
\XKV@depth=\count304
File: xkeyval.tex 2014/12/03 v2.7a key=value parser (HA)
))
Requested font "[OpenSans-Regular.ttf]/OT" at 10.94997pt
 -> C:/Users/isabella.garfield/AppData/Local/Programs/MiKTeX/fonts/truetype/asc
ender/opensans/OpenSans-Regular.ttf
Requested font "[OpenSans-Regular.ttf]/OT" at 10.95003pt
 -> C:/Users/isabella.garfield/AppData/Local/Programs/MiKTeX/fonts/truetype/asc
ender/opensans/OpenSans-Regular.ttf

Package fontspec Info: OpenSans-Regular scale = 0.8053713294743502.

Requested font "[OpenSans-Light.ttf]/OT:script=latn;language=dflt;" at 10.95003
pt
 -> C:/Users/isabella.garfield/AppData/Local/Programs/MiKTeX/fonts/truetype/asc
ender/opensans/OpenSans-Light.ttf

Package fontspec Info: OpenSans-Light scale = 0.8120382476646556.

Requested font "[OpenSans-LightItalic.ttf]/OT:script=latn;language=dflt;" at 10
.95003pt
 -> C:/Users/isabella.garfield/AppData/Local/Programs/MiKTeX/fonts/truetype/asc
ender/opensans/OpenSans-LightItalic.ttf

Package fontspec Info: OpenSans-LightItalic scale = 0.8120382476646556.

Requested font "[OpenSansCondensed-Light.ttf]/OT:script=latn;language=dflt;" at
 10.95003pt
 -> C:/Users/isabella.garfield/AppData/Local/Programs/MiKTeX/fonts/truetype/asc
ender/opensans/OpenSansCondensed-Light.ttf

Package fontspec Info: OpenSansCondensed-Light scale = 0.8135355156042454.

Requested font "[OpenSansCondensed-LightItalic.ttf]/OT:script=latn;language=dfl
t;" at 10.95003pt
 -> C:/Users/isabella.garfield/AppData/Local/Programs/MiKTeX/fonts/truetype/asc
ender/opensans/OpenSansCondensed-LightItalic.ttf

Package fontspec Info: OpenSansCondensed-LightItalic scale =
(fontspec)             0.8135355156042454.

Requested font "[OpenSans-SemiBold.ttf]/OT:script=latn;language=dflt;" at 10.95
003pt
 -> C:/Users/isabella.garfield/AppData/Local/Programs/MiKTeX/fonts/truetype/asc
ender/opensans/OpenSans-SemiBold.ttf

Package fontspec Info: OpenSans-SemiBold scale = 0.7980895023261934.

Requested font "[OpenSans-SemiBoldItalic.ttf]/OT:script=latn;language=dflt;" at
 10.95003pt
 -> C:/Users/isabella.garfield/AppData/Local/Programs/MiKTeX/fonts/truetype/asc
ender/opensans/OpenSans-SemiBoldItalic.ttf

Package fontspec Info: OpenSans-SemiBoldItalic scale = 0.7980895023261934.

Requested font "[OpenSans-Bold.ttf]/OT:script=latn;language=dflt;" at 10.95003p
t
 -> C:/Users/isabella.garfield/AppData/Local/Programs/MiKTeX/fonts/truetype/asc
ender/opensans/OpenSans-Bold.ttf

Package fontspec Info: OpenSans-Bold scale = 0.7895228565302184.

Requested font "[OpenSans-BoldItalic.ttf]/OT:script=latn;language=dflt;" at 10.
95003pt
 -> C:/Users/isabella.garfield/AppData/Local/Programs/MiKTeX/fonts/truetype/asc
ender/opensans/OpenSans-BoldItalic.ttf

Package fontspec Info: OpenSans-BoldItalic scale = 0.7895228565302184.

Requested font "[OpenSansCondensed-Bold.ttf]/OT:script=latn;language=dflt;" at 
10.95003pt
 -> C:/Users/isabella.garfield/AppData/Local/Programs/MiKTeX/fonts/truetype/asc
ender/opensans/OpenSansCondensed-Bold.ttf

Package fontspec Info: OpenSansCondensed-Bold scale = 0.7923565443054512.

Requested font "[OpenSans-ExtraBold.ttf]/OT:script=latn;language=dflt;" at 10.9
5003pt
 -> C:/Users/isabella.garfield/AppData/Local/Programs/MiKTeX/fonts/truetype/asc
ender/opensans/OpenSans-ExtraBold.ttf

Package fontspec Info: OpenSans-ExtraBold scale = 0.7790702360681504.

Requested font "[OpenSans-ExtraBoldItalic.ttf]/OT:script=latn;language=dflt;" a
t 10.95003pt
 -> C:/Users/isabella.garfield/AppData/Local/Programs/MiKTeX/fonts/truetype/asc
ender/opensans/OpenSans-ExtraBoldItalic.ttf

Package fontspec Info: OpenSans-ExtraBoldItalic scale = 0.7790702360681504.

Requested font "[OpenSans-Regular.ttf]/OT:script=latn;language=dflt;" at 10.950
03pt
 -> C:/Users/isabella.garfield/AppData/Local/Programs/MiKTeX/fonts/truetype/asc
ender/opensans/OpenSans-Regular.ttf

Package fontspec Info: OpenSans-Regular scale = 0.8053713294743502.

Requested font "[OpenSans-Italic.ttf]/OT:script=latn;language=dflt;" at 10.9500
3pt
 -> C:/Users/isabella.garfield/AppData/Local/Programs/MiKTeX/fonts/truetype/asc
ender/opensans/OpenSans-Italic.ttf

Package fontspec Info: OpenSans-Italic scale = 0.8053713294743502.


Package fontspec Info: Font family 'opensans-TLF' created for font 'OpenSans'
(fontspec)             with options
(fontspec)             [Scale=MatchLowercase,Extension=.ttf,Ligatures={TeX,Comm
on},Scale=1,FontFace={l}{n}{*-Light},FontFace={l}{it}{*-LightItalic},FontFace={
lc}{n}{*Condensed-Light},FontFace={lc}{it}{*Condensed-LightItalic},UprightFont=
{*-Regular},ItalicFont={*-Italic},FontFace={sb}{n}{*-SemiBold},FontFace={sb}{it
}{*-SemiBoldItalic},FontFace={b}{n}{*-Bold},FontFace={b}{it}{*-BoldItalic},Bold
Font={*-Bold},BoldItalicFont={*-BoldItalic},FontFace={bc}{n}{*Condensed-Bold},F
ontFace={eb}{n}{*-ExtraBold},FontFace={eb}{it}{*-ExtraBoldItalic},Numbers={Mono
spaced,Lining},NFSSFamily=opensans-TLF].
(fontspec)              
(fontspec)              This font family consists of the following NFSS
(fontspec)             series/shapes:
(fontspec)              
(fontspec)             - (l/n) with NFSS spec.:
(fontspec)             <->s*[1]"[OpenSans-Light.ttf]/OT:script=latn;language=df
lt;+liga;+tnum;+lnum;mapping=tex-text;"
(fontspec)             -  (l/sc) with NFSS spec.: 
(fontspec)             - (l/it) with NFSS spec.:
(fontspec)             <->s*[1]"[OpenSans-LightItalic.ttf]/OT:script=latn;langu
age=dflt;+liga;+tnum;+lnum;mapping=tex-text;"
(fontspec)             -  (l/scit) with NFSS spec.: 
(fontspec)             - (lc/n) with NFSS spec.:
(fontspec)             <->s*[1]"[OpenSansCondensed-Light.ttf]/OT:script=latn;la
nguage=dflt;+liga;+tnum;+lnum;mapping=tex-text;"
(fontspec)             -  (lc/sc) with NFSS spec.: 
(fontspec)             - (lc/it) with NFSS spec.:
(fontspec)             <->s*[1]"[OpenSansCondensed-LightItalic.ttf]/OT:script=l
atn;language=dflt;+liga;+tnum;+lnum;mapping=tex-text;"
(fontspec)             -  (lc/scit) with NFSS spec.: 
(fontspec)             - (sb/n) with NFSS spec.:
(fontspec)             <->s*[1]"[OpenSans-SemiBold.ttf]/OT:script=latn;language
=dflt;+liga;+tnum;+lnum;mapping=tex-text;"
(fontspec)             -  (sb/sc) with NFSS spec.: 
(fontspec)             - (sb/it) with NFSS spec.:
(fontspec)             <->s*[1]"[OpenSans-SemiBoldItalic.ttf]/OT:script=latn;la
nguage=dflt;+liga;+tnum;+lnum;mapping=tex-text;"
(fontspec)             -  (sb/scit) with NFSS spec.: 
(fontspec)             - 'bold' (b/n) with NFSS spec.:
(fontspec)             <->s*[1]"[OpenSans-Bold.ttf]/OT:script=latn;language=dfl
t;+liga;+tnum;+lnum;mapping=tex-text;"
(fontspec)             - 'bold small caps'  (b/sc) with NFSS spec.: 
(fontspec)             - 'bold italic' (b/it) with NFSS spec.:
(fontspec)             <->s*[1]"[OpenSans-BoldItalic.ttf]/OT:script=latn;langua
ge=dflt;+liga;+tnum;+lnum;mapping=tex-text;"
(fontspec)             - 'bold italic small caps'  (b/scit) with NFSS spec.: 
(fontspec)             - (bc/n) with NFSS spec.:
(fontspec)             <->s*[1]"[OpenSansCondensed-Bold.ttf]/OT:script=latn;lan
guage=dflt;+liga;+tnum;+lnum;mapping=tex-text;"
(fontspec)             -  (bc/sc) with NFSS spec.: 
(fontspec)             - (eb/n) with NFSS spec.:
(fontspec)             <->s*[1]"[OpenSans-ExtraBold.ttf]/OT:script=latn;languag
e=dflt;+liga;+tnum;+lnum;mapping=tex-text;"
(fontspec)             -  (eb/sc) with NFSS spec.: 
(fontspec)             - (eb/it) with NFSS spec.:
(fontspec)             <->s*[1]"[OpenSans-ExtraBoldItalic.ttf]/OT:script=latn;l
anguage=dflt;+liga;+tnum;+lnum;mapping=tex-text;"
(fontspec)             -  (eb/scit) with NFSS spec.: 
(fontspec)             - 'normal' (m/n) with NFSS spec.:
(fontspec)             <->s*[1]"[OpenSans-Regular.ttf]/OT:script=latn;language=
dflt;+liga;+tnum;+lnum;mapping=tex-text;"
(fontspec)             - 'small caps'  (m/sc) with NFSS spec.: 
(fontspec)             - 'italic' (m/it) with NFSS spec.:
(fontspec)             <->s*[1]"[OpenSans-Italic.ttf]/OT:script=latn;language=d
flt;+liga;+tnum;+lnum;mapping=tex-text;"
(fontspec)             - 'italic small caps'  (m/scit) with NFSS spec.: 


Package fontspec Info: OpenSans-Regular scale = 0.8053713294743502.


Package fontspec Info: OpenSans-Light scale = 0.8120382476646556.


Package fontspec Info: OpenSans-LightItalic scale = 0.8120382476646556.


Package fontspec Info: OpenSansCondensed-Light scale = 0.8135355156042454.


Package fontspec Info: OpenSansCondensed-LightItalic scale =
(fontspec)             0.8135355156042454.


Package fontspec Info: OpenSans-SemiBold scale = 0.7980895023261934.


Package fontspec Info: OpenSans-SemiBoldItalic scale = 0.7980895023261934.


Package fontspec Info: OpenSans-Bold scale = 0.7895228565302184.


Package fontspec Info: OpenSans-BoldItalic scale = 0.7895228565302184.


Package fontspec Info: OpenSansCondensed-Bold scale = 0.7923565443054512.


Package fontspec Info: OpenSans-ExtraBold scale = 0.7790702360681504.


Package fontspec Info: OpenSans-ExtraBoldItalic scale = 0.7790702360681504.


Package fontspec Info: OpenSans-Regular scale = 0.8053713294743502.


Package fontspec Info: OpenSans-Italic scale = 0.8053713294743502.


Package fontspec Info: Font family 'opensans-LF' created for font 'OpenSans'
(fontspec)             with options
(fontspec)             [Scale=MatchLowercase,Extension=.ttf,Ligatures={TeX,Comm
on},Scale=1,FontFace={l}{n}{*-Light},FontFace={l}{it}{*-LightItalic},FontFace={
lc}{n}{*Condensed-Light},FontFace={lc}{it}{*Condensed-LightItalic},UprightFont=
{*-Regular},ItalicFont={*-Italic},FontFace={sb}{n}{*-SemiBold},FontFace={sb}{it
}{*-SemiBoldItalic},FontFace={b}{n}{*-Bold},FontFace={b}{it}{*-BoldItalic},Bold
Font={*-Bold},BoldItalicFont={*-BoldItalic},FontFace={bc}{n}{*Condensed-Bold},F
ontFace={eb}{n}{*-ExtraBold},FontFace={eb}{it}{*-ExtraBoldItalic},Numbers={Prop
ortional,Lining},NFSSFamily=opensans-LF].
(fontspec)              
(fontspec)              This font family consists of the following NFSS
(fontspec)             series/shapes:
(fontspec)              
(fontspec)             - (l/n) with NFSS spec.:
(fontspec)             <->s*[1]"[OpenSans-Light.ttf]/OT:script=latn;language=df
lt;+liga;+pnum;+lnum;mapping=tex-text;"
(fontspec)             -  (l/sc) with NFSS spec.: 
(fontspec)             - (l/it) with NFSS spec.:
(fontspec)             <->s*[1]"[OpenSans-LightItalic.ttf]/OT:script=latn;langu
age=dflt;+liga;+pnum;+lnum;mapping=tex-text;"
(fontspec)             -  (l/scit) with NFSS spec.: 
(fontspec)             - (lc/n) with NFSS spec.:
(fontspec)             <->s*[1]"[OpenSansCondensed-Light.ttf]/OT:script=latn;la
nguage=dflt;+liga;+pnum;+lnum;mapping=tex-text;"
(fontspec)             -  (lc/sc) with NFSS spec.: 
(fontspec)             - (lc/it) with NFSS spec.:
(fontspec)             <->s*[1]"[OpenSansCondensed-LightItalic.ttf]/OT:script=l
atn;language=dflt;+liga;+pnum;+lnum;mapping=tex-text;"
(fontspec)             -  (lc/scit) with NFSS spec.: 
(fontspec)             - (sb/n) with NFSS spec.:
(fontspec)             <->s*[1]"[OpenSans-SemiBold.ttf]/OT:script=latn;language
=dflt;+liga;+pnum;+lnum;mapping=tex-text;"
(fontspec)             -  (sb/sc) with NFSS spec.: 
(fontspec)             - (sb/it) with NFSS spec.:
(fontspec)             <->s*[1]"[OpenSans-SemiBoldItalic.ttf]/OT:script=latn;la
nguage=dflt;+liga;+pnum;+lnum;mapping=tex-text;"
(fontspec)             -  (sb/scit) with NFSS spec.: 
(fontspec)             - 'bold' (b/n) with NFSS spec.:
(fontspec)             <->s*[1]"[OpenSans-Bold.ttf]/OT:script=latn;language=dfl
t;+liga;+pnum;+lnum;mapping=tex-text;"
(fontspec)             - 'bold small caps'  (b/sc) with NFSS spec.: 
(fontspec)             - 'bold italic' (b/it) with NFSS spec.:
(fontspec)             <->s*[1]"[OpenSans-BoldItalic.ttf]/OT:script=latn;langua
ge=dflt;+liga;+pnum;+lnum;mapping=tex-text;"
(fontspec)             - 'bold italic small caps'  (b/scit) with NFSS spec.: 
(fontspec)             - (bc/n) with NFSS spec.:
(fontspec)             <->s*[1]"[OpenSansCondensed-Bold.ttf]/OT:script=latn;lan
guage=dflt;+liga;+pnum;+lnum;mapping=tex-text;"
(fontspec)             -  (bc/sc) with NFSS spec.: 
(fontspec)             - (eb/n) with NFSS spec.:
(fontspec)             <->s*[1]"[OpenSans-ExtraBold.ttf]/OT:script=latn;languag
e=dflt;+liga;+pnum;+lnum;mapping=tex-text;"
(fontspec)             -  (eb/sc) with NFSS spec.: 
(fontspec)             - (eb/it) with NFSS spec.:
(fontspec)             <->s*[1]"[OpenSans-ExtraBoldItalic.ttf]/OT:script=latn;l
anguage=dflt;+liga;+pnum;+lnum;mapping=tex-text;"
(fontspec)             -  (eb/scit) with NFSS spec.: 
(fontspec)             - 'normal' (m/n) with NFSS spec.:
(fontspec)             <->s*[1]"[OpenSans-Regular.ttf]/OT:script=latn;language=
dflt;+liga;+pnum;+lnum;mapping=tex-text;"
(fontspec)             - 'small caps'  (m/sc) with NFSS spec.: 
(fontspec)             - 'italic' (m/it) with NFSS spec.:
(fontspec)             <->s*[1]"[OpenSans-Italic.ttf]/OT:script=latn;language=d
flt;+liga;+pnum;+lnum;mapping=tex-text;"
(fontspec)             - 'italic small caps'  (m/scit) with NFSS spec.: 


Package fontspec Info: OpenSans-Regular scale = 0.8053713294743502.


Package fontspec Info: OpenSans-Light scale = 0.8120382476646556.


Package fontspec Info: OpenSans-LightItalic scale = 0.8120382476646556.


Package fontspec Info: OpenSansCondensed-Light scale = 0.8135355156042454.


Package fontspec Info: OpenSansCondensed-LightItalic scale =
(fontspec)             0.8135355156042454.


Package fontspec Info: OpenSans-SemiBold scale = 0.7980895023261934.


Package fontspec Info: OpenSans-SemiBoldItalic scale = 0.7980895023261934.


Package fontspec Info: OpenSans-Bold scale = 0.7895228565302184.


Package fontspec Info: OpenSans-BoldItalic scale = 0.7895228565302184.


Package fontspec Info: OpenSansCondensed-Bold scale = 0.7923565443054512.


Package fontspec Info: OpenSans-ExtraBold scale = 0.7790702360681504.


Package fontspec Info: OpenSans-ExtraBoldItalic scale = 0.7790702360681504.


Package fontspec Info: OpenSans-Regular scale = 0.8053713294743502.


Package fontspec Info: OpenSans-Italic scale = 0.8053713294743502.


Package fontspec Info: Font family 'opensans-TOsF' created for font 'OpenSans'
(fontspec)             with options
(fontspec)             [Scale=MatchLowercase,Extension=.ttf,Ligatures={TeX,Comm
on},Scale=1,FontFace={l}{n}{*-Light},FontFace={l}{it}{*-LightItalic},FontFace={
lc}{n}{*Condensed-Light},FontFace={lc}{it}{*Condensed-LightItalic},UprightFont=
{*-Regular},ItalicFont={*-Italic},FontFace={sb}{n}{*-SemiBold},FontFace={sb}{it
}{*-SemiBoldItalic},FontFace={b}{n}{*-Bold},FontFace={b}{it}{*-BoldItalic},Bold
Font={*-Bold},BoldItalicFont={*-BoldItalic},FontFace={bc}{n}{*Condensed-Bold},F
ontFace={eb}{n}{*-ExtraBold},FontFace={eb}{it}{*-ExtraBoldItalic},Numbers={Mono
spaced,OldStyle},NFSSFamily=opensans-TOsF].
(fontspec)              
(fontspec)              This font family consists of the following NFSS
(fontspec)             series/shapes:
(fontspec)              
(fontspec)             - (l/n) with NFSS spec.:
(fontspec)             <->s*[1]"[OpenSans-Light.ttf]/OT:script=latn;language=df
lt;+liga;+tnum;+onum;mapping=tex-text;"
(fontspec)             -  (l/sc) with NFSS spec.: 
(fontspec)             - (l/it) with NFSS spec.:
(fontspec)             <->s*[1]"[OpenSans-LightItalic.ttf]/OT:script=latn;langu
age=dflt;+liga;+tnum;+onum;mapping=tex-text;"
(fontspec)             -  (l/scit) with NFSS spec.: 
(fontspec)             - (lc/n) with NFSS spec.:
(fontspec)             <->s*[1]"[OpenSansCondensed-Light.ttf]/OT:script=latn;la
nguage=dflt;+liga;+tnum;+onum;mapping=tex-text;"
(fontspec)             -  (lc/sc) with NFSS spec.: 
(fontspec)             - (lc/it) with NFSS spec.:
(fontspec)             <->s*[1]"[OpenSansCondensed-LightItalic.ttf]/OT:script=l
atn;language=dflt;+liga;+tnum;+onum;mapping=tex-text;"
(fontspec)             -  (lc/scit) with NFSS spec.: 
(fontspec)             - (sb/n) with NFSS spec.:
(fontspec)             <->s*[1]"[OpenSans-SemiBold.ttf]/OT:script=latn;language
=dflt;+liga;+tnum;+onum;mapping=tex-text;"
(fontspec)             -  (sb/sc) with NFSS spec.: 
(fontspec)             - (sb/it) with NFSS spec.:
(fontspec)             <->s*[1]"[OpenSans-SemiBoldItalic.ttf]/OT:script=latn;la
nguage=dflt;+liga;+tnum;+onum;mapping=tex-text;"
(fontspec)             -  (sb/scit) with NFSS spec.: 
(fontspec)             - 'bold' (b/n) with NFSS spec.:
(fontspec)             <->s*[1]"[OpenSans-Bold.ttf]/OT:script=latn;language=dfl
t;+liga;+tnum;+onum;mapping=tex-text;"
(fontspec)             - 'bold small caps'  (b/sc) with NFSS spec.: 
(fontspec)             - 'bold italic' (b/it) with NFSS spec.:
(fontspec)             <->s*[1]"[OpenSans-BoldItalic.ttf]/OT:script=latn;langua
ge=dflt;+liga;+tnum;+onum;mapping=tex-text;"
(fontspec)             - 'bold italic small caps'  (b/scit) with NFSS spec.: 
(fontspec)             - (bc/n) with NFSS spec.:
(fontspec)             <->s*[1]"[OpenSansCondensed-Bold.ttf]/OT:script=latn;lan
guage=dflt;+liga;+tnum;+onum;mapping=tex-text;"
(fontspec)             -  (bc/sc) with NFSS spec.: 
(fontspec)             - (eb/n) with NFSS spec.:
(fontspec)             <->s*[1]"[OpenSans-ExtraBold.ttf]/OT:script=latn;languag
e=dflt;+liga;+tnum;+onum;mapping=tex-text;"
(fontspec)             -  (eb/sc) with NFSS spec.: 
(fontspec)             - (eb/it) with NFSS spec.:
(fontspec)             <->s*[1]"[OpenSans-ExtraBoldItalic.ttf]/OT:script=latn;l
anguage=dflt;+liga;+tnum;+onum;mapping=tex-text;"
(fontspec)             -  (eb/scit) with NFSS spec.: 
(fontspec)             - 'normal' (m/n) with NFSS spec.:
(fontspec)             <->s*[1]"[OpenSans-Regular.ttf]/OT:script=latn;language=
dflt;+liga;+tnum;+onum;mapping=tex-text;"
(fontspec)             - 'small caps'  (m/sc) with NFSS spec.: 
(fontspec)             - 'italic' (m/it) with NFSS spec.:
(fontspec)             <->s*[1]"[OpenSans-Italic.ttf]/OT:script=latn;language=d
flt;+liga;+tnum;+onum;mapping=tex-text;"
(fontspec)             - 'italic small caps'  (m/scit) with NFSS spec.: 


Package fontspec Info: OpenSans-Regular scale = 0.8053713294743502.


Package fontspec Info: OpenSans-Light scale = 0.8120382476646556.


Package fontspec Info: OpenSans-LightItalic scale = 0.8120382476646556.


Package fontspec Info: OpenSansCondensed-Light scale = 0.8135355156042454.


Package fontspec Info: OpenSansCondensed-LightItalic scale =
(fontspec)             0.8135355156042454.


Package fontspec Info: OpenSans-SemiBold scale = 0.7980895023261934.


Package fontspec Info: OpenSans-SemiBoldItalic scale = 0.7980895023261934.


Package fontspec Info: OpenSans-Bold scale = 0.7895228565302184.


Package fontspec Info: OpenSans-BoldItalic scale = 0.7895228565302184.


Package fontspec Info: OpenSansCondensed-Bold scale = 0.7923565443054512.


Package fontspec Info: OpenSans-ExtraBold scale = 0.7790702360681504.


Package fontspec Info: OpenSans-ExtraBoldItalic scale = 0.7790702360681504.


Package fontspec Info: OpenSans-Regular scale = 0.8053713294743502.


Package fontspec Info: OpenSans-Italic scale = 0.8053713294743502.


Package fontspec Info: Font family 'opensans-OsF' created for font 'OpenSans'
(fontspec)             with options
(fontspec)             [Scale=MatchLowercase,Extension=.ttf,Ligatures={TeX,Comm
on},Scale=1,FontFace={l}{n}{*-Light},FontFace={l}{it}{*-LightItalic},FontFace={
lc}{n}{*Condensed-Light},FontFace={lc}{it}{*Condensed-LightItalic},UprightFont=
{*-Regular},ItalicFont={*-Italic},FontFace={sb}{n}{*-SemiBold},FontFace={sb}{it
}{*-SemiBoldItalic},FontFace={b}{n}{*-Bold},FontFace={b}{it}{*-BoldItalic},Bold
Font={*-Bold},BoldItalicFont={*-BoldItalic},FontFace={bc}{n}{*Condensed-Bold},F
ontFace={eb}{n}{*-ExtraBold},FontFace={eb}{it}{*-ExtraBoldItalic},Numbers={Prop
ortional,OldStyle},NFSSFamily=opensans-OsF].
(fontspec)              
(fontspec)              This font family consists of the following NFSS
(fontspec)             series/shapes:
(fontspec)              
(fontspec)             - (l/n) with NFSS spec.:
(fontspec)             <->s*[1]"[OpenSans-Light.ttf]/OT:script=latn;language=df
lt;+liga;+pnum;+onum;mapping=tex-text;"
(fontspec)             -  (l/sc) with NFSS spec.: 
(fontspec)             - (l/it) with NFSS spec.:
(fontspec)             <->s*[1]"[OpenSans-LightItalic.ttf]/OT:script=latn;langu
age=dflt;+liga;+pnum;+onum;mapping=tex-text;"
(fontspec)             -  (l/scit) with NFSS spec.: 
(fontspec)             - (lc/n) with NFSS spec.:
(fontspec)             <->s*[1]"[OpenSansCondensed-Light.ttf]/OT:script=latn;la
nguage=dflt;+liga;+pnum;+onum;mapping=tex-text;"
(fontspec)             -  (lc/sc) with NFSS spec.: 
(fontspec)             - (lc/it) with NFSS spec.:
(fontspec)             <->s*[1]"[OpenSansCondensed-LightItalic.ttf]/OT:script=l
atn;language=dflt;+liga;+pnum;+onum;mapping=tex-text;"
(fontspec)             -  (lc/scit) with NFSS spec.: 
(fontspec)             - (sb/n) with NFSS spec.:
(fontspec)             <->s*[1]"[OpenSans-SemiBold.ttf]/OT:script=latn;language
=dflt;+liga;+pnum;+onum;mapping=tex-text;"
(fontspec)             -  (sb/sc) with NFSS spec.: 
(fontspec)             - (sb/it) with NFSS spec.:
(fontspec)             <->s*[1]"[OpenSans-SemiBoldItalic.ttf]/OT:script=latn;la
nguage=dflt;+liga;+pnum;+onum;mapping=tex-text;"
(fontspec)             -  (sb/scit) with NFSS spec.: 
(fontspec)             - 'bold' (b/n) with NFSS spec.:
(fontspec)             <->s*[1]"[OpenSans-Bold.ttf]/OT:script=latn;language=dfl
t;+liga;+pnum;+onum;mapping=tex-text;"
(fontspec)             - 'bold small caps'  (b/sc) with NFSS spec.: 
(fontspec)             - 'bold italic' (b/it) with NFSS spec.:
(fontspec)             <->s*[1]"[OpenSans-BoldItalic.ttf]/OT:script=latn;langua
ge=dflt;+liga;+pnum;+onum;mapping=tex-text;"
(fontspec)             - 'bold italic small caps'  (b/scit) with NFSS spec.: 
(fontspec)             - (bc/n) with NFSS spec.:
(fontspec)             <->s*[1]"[OpenSansCondensed-Bold.ttf]/OT:script=latn;lan
guage=dflt;+liga;+pnum;+onum;mapping=tex-text;"
(fontspec)             -  (bc/sc) with NFSS spec.: 
(fontspec)             - (eb/n) with NFSS spec.:
(fontspec)             <->s*[1]"[OpenSans-ExtraBold.ttf]/OT:script=latn;languag
e=dflt;+liga;+pnum;+onum;mapping=tex-text;"
(fontspec)             -  (eb/sc) with NFSS spec.: 
(fontspec)             - (eb/it) with NFSS spec.:
(fontspec)             <->s*[1]"[OpenSans-ExtraBoldItalic.ttf]/OT:script=latn;l
anguage=dflt;+liga;+pnum;+onum;mapping=tex-text;"
(fontspec)             -  (eb/scit) with NFSS spec.: 
(fontspec)             - 'normal' (m/n) with NFSS spec.:
(fontspec)             <->s*[1]"[OpenSans-Regular.ttf]/OT:script=latn;language=
dflt;+liga;+pnum;+onum;mapping=tex-text;"
(fontspec)             - 'small caps'  (m/sc) with NFSS spec.: 
(fontspec)             - 'italic' (m/it) with NFSS spec.:
(fontspec)             <->s*[1]"[OpenSans-Italic.ttf]/OT:script=latn;language=d
flt;+liga;+pnum;+onum;mapping=tex-text;"
(fontspec)             - 'italic small caps'  (m/scit) with NFSS spec.: 


Package fontspec Info: OpenSans-Regular scale = 0.8053713294743502.


Package fontspec Info: OpenSans-Light scale = 0.8120382476646556.


Package fontspec Info: OpenSans-LightItalic scale = 0.8120382476646556.


Package fontspec Info: OpenSansCondensed-Light scale = 0.8135355156042454.


Package fontspec Info: OpenSansCondensed-LightItalic scale =
(fontspec)             0.8135355156042454.


Package fontspec Info: OpenSans-SemiBold scale = 0.7980895023261934.


Package fontspec Info: OpenSans-SemiBoldItalic scale = 0.7980895023261934.


Package fontspec Info: OpenSans-Bold scale = 0.7895228565302184.


Package fontspec Info: OpenSans-BoldItalic scale = 0.7895228565302184.


Package fontspec Info: OpenSansCondensed-Bold scale = 0.7923565443054512.


Package fontspec Info: OpenSans-ExtraBold scale = 0.7790702360681504.


Package fontspec Info: OpenSans-ExtraBoldItalic scale = 0.7790702360681504.


Package fontspec Info: OpenSans-Regular scale = 0.8053713294743502.


Package fontspec Info: OpenSans-Italic scale = 0.8053713294743502.


Package fontspec Info: Font family 'fos' created for font 'OpenSans' with
(fontspec)             options
(fontspec)             [Scale=MatchLowercase,Extension=.ttf,Ligatures={TeX,Comm
on},Scale=1,FontFace={l}{n}{*-Light},FontFace={l}{it}{*-LightItalic},FontFace={
lc}{n}{*Condensed-Light},FontFace={lc}{it}{*Condensed-LightItalic},UprightFont=
{*-Regular},ItalicFont={*-Italic},FontFace={sb}{n}{*-SemiBold},FontFace={sb}{it
}{*-SemiBoldItalic},FontFace={b}{n}{*-Bold},FontFace={b}{it}{*-BoldItalic},Bold
Font={*-Bold},BoldItalicFont={*-BoldItalic},FontFace={bc}{n}{*Condensed-Bold},F
ontFace={eb}{n}{*-ExtraBold},FontFace={eb}{it}{*-ExtraBoldItalic},Numbers={Mono
spaced,Lining},NFSSFamily=fos].
(fontspec)              
(fontspec)              This font family consists of the following NFSS
(fontspec)             series/shapes:
(fontspec)              
(fontspec)             - (l/n) with NFSS spec.:
(fontspec)             <->s*[1]"[OpenSans-Light.ttf]/OT:script=latn;language=df
lt;+liga;+tnum;+lnum;mapping=tex-text;"
(fontspec)             -  (l/sc) with NFSS spec.: 
(fontspec)             - (l/it) with NFSS spec.:
(fontspec)             <->s*[1]"[OpenSans-LightItalic.ttf]/OT:script=latn;langu
age=dflt;+liga;+tnum;+lnum;mapping=tex-text;"
(fontspec)             -  (l/scit) with NFSS spec.: 
(fontspec)             - (lc/n) with NFSS spec.:
(fontspec)             <->s*[1]"[OpenSansCondensed-Light.ttf]/OT:script=latn;la
nguage=dflt;+liga;+tnum;+lnum;mapping=tex-text;"
(fontspec)             -  (lc/sc) with NFSS spec.: 
(fontspec)             - (lc/it) with NFSS spec.:
(fontspec)             <->s*[1]"[OpenSansCondensed-LightItalic.ttf]/OT:script=l
atn;language=dflt;+liga;+tnum;+lnum;mapping=tex-text;"
(fontspec)             -  (lc/scit) with NFSS spec.: 
(fontspec)             - (sb/n) with NFSS spec.:
(fontspec)             <->s*[1]"[OpenSans-SemiBold.ttf]/OT:script=latn;language
=dflt;+liga;+tnum;+lnum;mapping=tex-text;"
(fontspec)             -  (sb/sc) with NFSS spec.: 
(fontspec)             - (sb/it) with NFSS spec.:
(fontspec)             <->s*[1]"[OpenSans-SemiBoldItalic.ttf]/OT:script=latn;la
nguage=dflt;+liga;+tnum;+lnum;mapping=tex-text;"
(fontspec)             -  (sb/scit) with NFSS spec.: 
(fontspec)             - 'bold' (b/n) with NFSS spec.:
(fontspec)             <->s*[1]"[OpenSans-Bold.ttf]/OT:script=latn;language=dfl
t;+liga;+tnum;+lnum;mapping=tex-text;"
(fontspec)             - 'bold small caps'  (b/sc) with NFSS spec.: 
(fontspec)             - 'bold italic' (b/it) with NFSS spec.:
(fontspec)             <->s*[1]"[OpenSans-BoldItalic.ttf]/OT:script=latn;langua
ge=dflt;+liga;+tnum;+lnum;mapping=tex-text;"
(fontspec)             - 'bold italic small caps'  (b/scit) with NFSS spec.: 
(fontspec)             - (bc/n) with NFSS spec.:
(fontspec)             <->s*[1]"[OpenSansCondensed-Bold.ttf]/OT:script=latn;lan
guage=dflt;+liga;+tnum;+lnum;mapping=tex-text;"
(fontspec)             -  (bc/sc) with NFSS spec.: 
(fontspec)             - (eb/n) with NFSS spec.:
(fontspec)             <->s*[1]"[OpenSans-ExtraBold.ttf]/OT:script=latn;languag
e=dflt;+liga;+tnum;+lnum;mapping=tex-text;"
(fontspec)             -  (eb/sc) with NFSS spec.: 
(fontspec)             - (eb/it) with NFSS spec.:
(fontspec)             <->s*[1]"[OpenSans-ExtraBoldItalic.ttf]/OT:script=latn;l
anguage=dflt;+liga;+tnum;+lnum;mapping=tex-text;"
(fontspec)             -  (eb/scit) with NFSS spec.: 
(fontspec)             - 'normal' (m/n) with NFSS spec.:
(fontspec)             <->s*[1]"[OpenSans-Regular.ttf]/OT:script=latn;language=
dflt;+liga;+tnum;+lnum;mapping=tex-text;"
(fontspec)             - 'small caps'  (m/sc) with NFSS spec.: 
(fontspec)             - 'italic' (m/it) with NFSS spec.:
(fontspec)             <->s*[1]"[OpenSans-Italic.ttf]/OT:script=latn;language=d
flt;+liga;+tnum;+lnum;mapping=tex-text;"
(fontspec)             - 'italic small caps'  (m/scit) with NFSS spec.: 


Package fontspec Info: OpenSans-Regular scale = 0.8053713294743502.


Package fontspec Info: OpenSans-Light scale = 0.8120382476646556.


Package fontspec Info: OpenSans-LightItalic scale = 0.8120382476646556.


Package fontspec Info: OpenSansCondensed-Light scale = 0.8135355156042454.


Package fontspec Info: OpenSansCondensed-LightItalic scale =
(fontspec)             0.8135355156042454.


Package fontspec Info: OpenSans-SemiBold scale = 0.7980895023261934.


Package fontspec Info: OpenSans-SemiBoldItalic scale = 0.7980895023261934.


Package fontspec Info: OpenSans-Bold scale = 0.7895228565302184.


Package fontspec Info: OpenSans-BoldItalic scale = 0.7895228565302184.


Package fontspec Info: OpenSansCondensed-Bold scale = 0.7923565443054512.


Package fontspec Info: OpenSans-ExtraBold scale = 0.7790702360681504.


Package fontspec Info: OpenSans-ExtraBoldItalic scale = 0.7790702360681504.


Package fontspec Info: OpenSans-Regular scale = 0.8053713294743502.


Package fontspec Info: OpenSans-Italic scale = 0.8053713294743502.


Package fontspec Info: Font family 'OpenSans(0)' created for font 'OpenSans'
(fontspec)             with options
(fontspec)             [Scale=MatchLowercase,Ligatures=TeX,Scale=1,Extension=.t
tf,Ligatures={TeX,Common},Scale=1,FontFace={l}{n}{*-Light},FontFace={l}{it}{*-L
ightItalic},FontFace={lc}{n}{*Condensed-Light},FontFace={lc}{it}{*Condensed-Lig
htItalic},UprightFont={*-Regular},ItalicFont={*-Italic},FontFace={sb}{n}{*-Semi
Bold},FontFace={sb}{it}{*-SemiBoldItalic},FontFace={b}{n}{*-Bold},FontFace={b}{
it}{*-BoldItalic},BoldFont={*-Bold},BoldItalicFont={*-BoldItalic},FontFace={bc}
{n}{*Condensed-Bold},FontFace={eb}{n}{*-ExtraBold},FontFace={eb}{it}{*-ExtraBol
dItalic},Numbers={Monospaced,Lining}].
(fontspec)              
(fontspec)              This font family consists of the following NFSS
(fontspec)             series/shapes:
(fontspec)              
(fontspec)             - (l/n) with NFSS spec.:
(fontspec)             <->s*[1]"[OpenSans-Light.ttf]/OT:script=latn;language=df
lt;+liga;+tnum;+lnum;mapping=tex-text;"
(fontspec)             -  (l/sc) with NFSS spec.: 
(fontspec)             - (l/it) with NFSS spec.:
(fontspec)             <->s*[1]"[OpenSans-LightItalic.ttf]/OT:script=latn;langu
age=dflt;+liga;+tnum;+lnum;mapping=tex-text;"
(fontspec)             -  (l/scit) with NFSS spec.: 
(fontspec)             - (lc/n) with NFSS spec.:
(fontspec)             <->s*[1]"[OpenSansCondensed-Light.ttf]/OT:script=latn;la
nguage=dflt;+liga;+tnum;+lnum;mapping=tex-text;"
(fontspec)             -  (lc/sc) with NFSS spec.: 
(fontspec)             - (lc/it) with NFSS spec.:
(fontspec)             <->s*[1]"[OpenSansCondensed-LightItalic.ttf]/OT:script=l
atn;language=dflt;+liga;+tnum;+lnum;mapping=tex-text;"
(fontspec)             -  (lc/scit) with NFSS spec.: 
(fontspec)             - (sb/n) with NFSS spec.:
(fontspec)             <->s*[1]"[OpenSans-SemiBold.ttf]/OT:script=latn;language
=dflt;+liga;+tnum;+lnum;mapping=tex-text;"
(fontspec)             -  (sb/sc) with NFSS spec.: 
(fontspec)             - (sb/it) with NFSS spec.:
(fontspec)             <->s*[1]"[OpenSans-SemiBoldItalic.ttf]/OT:script=latn;la
nguage=dflt;+liga;+tnum;+lnum;mapping=tex-text;"
(fontspec)             -  (sb/scit) with NFSS spec.: 
(fontspec)             - 'bold' (b/n) with NFSS spec.:
(fontspec)             <->s*[1]"[OpenSans-Bold.ttf]/OT:script=latn;language=dfl
t;+liga;+tnum;+lnum;mapping=tex-text;"
(fontspec)             - 'bold small caps'  (b/sc) with NFSS spec.: 
(fontspec)             - 'bold italic' (b/it) with NFSS spec.:
(fontspec)             <->s*[1]"[OpenSans-BoldItalic.ttf]/OT:script=latn;langua
ge=dflt;+liga;+tnum;+lnum;mapping=tex-text;"
(fontspec)             - 'bold italic small caps'  (b/scit) with NFSS spec.: 
(fontspec)             - (bc/n) with NFSS spec.:
(fontspec)             <->s*[1]"[OpenSansCondensed-Bold.ttf]/OT:script=latn;lan
guage=dflt;+liga;+tnum;+lnum;mapping=tex-text;"
(fontspec)             -  (bc/sc) with NFSS spec.: 
(fontspec)             - (eb/n) with NFSS spec.:
(fontspec)             <->s*[1]"[OpenSans-ExtraBold.ttf]/OT:script=latn;languag
e=dflt;+liga;+tnum;+lnum;mapping=tex-text;"
(fontspec)             -  (eb/sc) with NFSS spec.: 
(fontspec)             - (eb/it) with NFSS spec.:
(fontspec)             <->s*[1]"[OpenSans-ExtraBoldItalic.ttf]/OT:script=latn;l
anguage=dflt;+liga;+tnum;+lnum;mapping=tex-text;"
(fontspec)             -  (eb/scit) with NFSS spec.: 
(fontspec)             - 'normal' (m/n) with NFSS spec.:
(fontspec)             <->s*[1]"[OpenSans-Regular.ttf]/OT:script=latn;language=
dflt;+liga;+tnum;+lnum;mapping=tex-text;"
(fontspec)             - 'small caps'  (m/sc) with NFSS spec.: 
(fontspec)             - 'italic' (m/it) with NFSS spec.:
(fontspec)             <->s*[1]"[OpenSans-Italic.ttf]/OT:script=latn;language=d
flt;+liga;+tnum;+lnum;mapping=tex-text;"
(fontspec)             - 'italic small caps'  (m/scit) with NFSS spec.: 

LaTeX Font Info:    Font shape `TU/OpenSans(0)/m/n' will be
(Font)              scaled to size 10.95pt on input line 151.
Requested font "[OpenSans-Regular.ttf]/OT:script=latn;language=dflt;+liga;+tnum
;+lnum;mapping=tex-text;" at 10.95pt
 -> C:/Users/isabella.garfield/AppData/Local/Programs/MiKTeX/fonts/truetype/asc
ender/opensans/OpenSans-Regular.ttf

Package fontspec Info: OpenSans-Regular scale = 0.9999973960977921.


Package fontspec Info: OpenSans-Light scale = 1.008275441995768.


Package fontspec Info: OpenSans-LightItalic scale = 1.008275441995768.


Package fontspec Info: OpenSansCondensed-Light scale = 1.010134539763536.


Package fontspec Info: OpenSansCondensed-LightItalic scale =
(fontspec)             1.010134539763536.


Package fontspec Info: OpenSans-SemiBold scale = 0.9909558423194329.


Package fontspec Info: OpenSans-SemiBoldItalic scale = 0.9909558423194329.


Package fontspec Info: OpenSans-Bold scale = 0.9803189805691414.


Package fontspec Info: OpenSans-BoldItalic scale = 0.9803189805691414.


Package fontspec Info: OpenSansCondensed-Bold scale = 0.983837457441712.


Package fontspec Info: OpenSans-ExtraBold scale = 0.9673403794420207.


Package fontspec Info: OpenSans-ExtraBoldItalic scale = 0.9673403794420207.


Package fontspec Info: OpenSans-Regular scale = 0.9999973960977921.


Package fontspec Info: OpenSans-Italic scale = 0.9999973960977921.


Package fontspec Info: Font family 'OpenSans(1)' created for font 'OpenSans'
(fontspec)             with options
(fontspec)             [Scale=MatchLowercase,Extension=.ttf,Ligatures={TeX,Comm
on},Scale=1,FontFace={l}{n}{*-Light},FontFace={l}{it}{*-LightItalic},FontFace={
lc}{n}{*Condensed-Light},FontFace={lc}{it}{*Condensed-LightItalic},UprightFont=
{*-Regular},ItalicFont={*-Italic},FontFace={sb}{n}{*-SemiBold},FontFace={sb}{it
}{*-SemiBoldItalic},FontFace={b}{n}{*-Bold},FontFace={b}{it}{*-BoldItalic},Bold
Font={*-Bold},BoldItalicFont={*-BoldItalic},FontFace={bc}{n}{*Condensed-Bold},F
ontFace={eb}{n}{*-ExtraBold},FontFace={eb}{it}{*-ExtraBoldItalic},Numbers={Mono
spaced,Lining}].
(fontspec)              
(fontspec)              This font family consists of the following NFSS
(fontspec)             series/shapes:
(fontspec)              
(fontspec)             - (l/n) with NFSS spec.:
(fontspec)             <->s*[1]"[OpenSans-Light.ttf]/OT:script=latn;language=df
lt;+liga;+tnum;+lnum;mapping=tex-text;"
(fontspec)             -  (l/sc) with NFSS spec.: 
(fontspec)             - (l/it) with NFSS spec.:
(fontspec)             <->s*[1]"[OpenSans-LightItalic.ttf]/OT:script=latn;langu
age=dflt;+liga;+tnum;+lnum;mapping=tex-text;"
(fontspec)             -  (l/scit) with NFSS spec.: 
(fontspec)             - (lc/n) with NFSS spec.:
(fontspec)             <->s*[1]"[OpenSansCondensed-Light.ttf]/OT:script=latn;la
nguage=dflt;+liga;+tnum;+lnum;mapping=tex-text;"
(fontspec)             -  (lc/sc) with NFSS spec.: 
(fontspec)             - (lc/it) with NFSS spec.:
(fontspec)             <->s*[1]"[OpenSansCondensed-LightItalic.ttf]/OT:script=l
atn;language=dflt;+liga;+tnum;+lnum;mapping=tex-text;"
(fontspec)             -  (lc/scit) with NFSS spec.: 
(fontspec)             - (sb/n) with NFSS spec.:
(fontspec)             <->s*[1]"[OpenSans-SemiBold.ttf]/OT:script=latn;language
=dflt;+liga;+tnum;+lnum;mapping=tex-text;"
(fontspec)             -  (sb/sc) with NFSS spec.: 
(fontspec)             - (sb/it) with NFSS spec.:
(fontspec)             <->s*[1]"[OpenSans-SemiBoldItalic.ttf]/OT:script=latn;la
nguage=dflt;+liga;+tnum;+lnum;mapping=tex-text;"
(fontspec)             -  (sb/scit) with NFSS spec.: 
(fontspec)             - 'bold' (b/n) with NFSS spec.:
(fontspec)             <->s*[1]"[OpenSans-Bold.ttf]/OT:script=latn;language=dfl
t;+liga;+tnum;+lnum;mapping=tex-text;"
(fontspec)             - 'bold small caps'  (b/sc) with NFSS spec.: 
(fontspec)             - 'bold italic' (b/it) with NFSS spec.:
(fontspec)             <->s*[1]"[OpenSans-BoldItalic.ttf]/OT:script=latn;langua
ge=dflt;+liga;+tnum;+lnum;mapping=tex-text;"
(fontspec)             - 'bold italic small caps'  (b/scit) with NFSS spec.: 
(fontspec)             - (bc/n) with NFSS spec.:
(fontspec)             <->s*[1]"[OpenSansCondensed-Bold.ttf]/OT:script=latn;lan
guage=dflt;+liga;+tnum;+lnum;mapping=tex-text;"
(fontspec)             -  (bc/sc) with NFSS spec.: 
(fontspec)             - (eb/n) with NFSS spec.:
(fontspec)             <->s*[1]"[OpenSans-ExtraBold.ttf]/OT:script=latn;languag
e=dflt;+liga;+tnum;+lnum;mapping=tex-text;"
(fontspec)             -  (eb/sc) with NFSS spec.: 
(fontspec)             - (eb/it) with NFSS spec.:
(fontspec)             <->s*[1]"[OpenSans-ExtraBoldItalic.ttf]/OT:script=latn;l
anguage=dflt;+liga;+tnum;+lnum;mapping=tex-text;"
(fontspec)             -  (eb/scit) with NFSS spec.: 
(fontspec)             - 'normal' (m/n) with NFSS spec.:
(fontspec)             <->s*[1]"[OpenSans-Regular.ttf]/OT:script=latn;language=
dflt;+liga;+tnum;+lnum;mapping=tex-text;"
(fontspec)             - 'small caps'  (m/sc) with NFSS spec.: 
(fontspec)             - 'italic' (m/it) with NFSS spec.:
(fontspec)             <->s*[1]"[OpenSans-Italic.ttf]/OT:script=latn;language=d
flt;+liga;+tnum;+lnum;mapping=tex-text;"
(fontspec)             - 'italic small caps'  (m/scit) with NFSS spec.: 

LaTeX Font Info:    Overwriting math alphabet `\mathrm' in version `normal'
(Font)                  OT1/lmr/m/n --> TU/OpenSans(1)/m/n on input line 151.
LaTeX Font Info:    Overwriting math alphabet `\mathit' in version `normal'
(Font)                  OT1/lmr/m/it --> TU/OpenSans(1)/m/it on input line 151.

LaTeX Font Info:    Overwriting math alphabet `\mathbf' in version `normal'
(Font)                  OT1/lmr/bx/n --> TU/OpenSans(1)/b/n on input line 151.
)
LaTeX Font Info:    Font shape `TU/OpenSans(0)/lc/n' will be
(Font)              scaled to size 10.95pt on input line 80.
Requested font "[OpenSansCondensed-Light.ttf]/OT:script=latn;language=dflt;+lig
a;+tnum;+lnum;mapping=tex-text;" at 10.95pt
 -> C:/Users/isabella.garfield/AppData/Local/Programs/MiKTeX/fonts/truetype/asc
ender/opensans/OpenSansCondensed-Light.ttf

(C:\Users\isabella.garfield\AppData\Local\Programs\MiKTeX\tex/latex/bookmark\bo
okmark.sty
Package: bookmark 2023-12-10 v1.31 PDF bookmarks (HO)

(C:\Users\isabella.garfield\AppData\Local\Programs\MiKTeX\tex/latex/hyperref\hy
perref.sty
Package: hyperref 2023-11-26 v7.01g Hypertext links for LaTeX

(C:\Users\isabella.garfield\AppData\Local\Programs\MiKTeX\tex/generic/infwarerr
\infwarerr.sty
Package: infwarerr 2019/12/03 v1.5 Providing info/warning/error messages (HO)
)
(C:\Users\isabella.garfield\AppData\Local\Programs\MiKTeX\tex/latex/kvsetkeys\k
vsetkeys.sty
Package: kvsetkeys 2022-10-05 v1.19 Key value parser (HO)
)
(C:\Users\isabella.garfield\AppData\Local\Programs\MiKTeX\tex/generic/kvdefinek
eys\kvdefinekeys.sty
Package: kvdefinekeys 2019-12-19 v1.6 Define keys (HO)
)
(C:\Users\isabella.garfield\AppData\Local\Programs\MiKTeX\tex/generic/pdfescape
\pdfescape.sty
Package: pdfescape 2019/12/09 v1.15 Implements pdfTeX's escape features (HO)

(C:\Users\isabella.garfield\AppData\Local\Programs\MiKTeX\tex/generic/ltxcmds\l
txcmds.sty
Package: ltxcmds 2023-12-04 v1.26 LaTeX kernel commands for general use (HO)
)
(C:\Users\isabella.garfield\AppData\Local\Programs\MiKTeX\tex/generic/pdftexcmd
s\pdftexcmds.sty
Package: pdftexcmds 2020-06-27 v0.33 Utility functions of pdfTeX for LuaTeX (HO
)
Package pdftexcmds Info: \pdf@primitive is available.
Package pdftexcmds Info: \pdf@ifprimitive is available.
Package pdftexcmds Info: \pdfdraftmode not found.
))
(C:\Users\isabella.garfield\AppData\Local\Programs\MiKTeX\tex/latex/hycolor\hyc
olor.sty
Package: hycolor 2020-01-27 v1.10 Color options for hyperref/bookmark (HO)
)
(C:\Users\isabella.garfield\AppData\Local\Programs\MiKTeX\tex/latex/letltxmacro
\letltxmacro.sty
Package: letltxmacro 2019/12/03 v1.6 Let assignment for LaTeX macros (HO)
)
(C:\Users\isabella.garfield\AppData\Local\Programs\MiKTeX\tex/latex/auxhook\aux
hook.sty
Package: auxhook 2019-12-17 v1.6 Hooks for auxiliary files (HO)
)
(C:\Users\isabella.garfield\AppData\Local\Programs\MiKTeX\tex/latex/hyperref\na
meref.sty
Package: nameref 2023-11-26 v2.56 Cross-referencing by name of section

(C:\Users\isabella.garfield\AppData\Local\Programs\MiKTeX\tex/latex/refcount\re
fcount.sty
Package: refcount 2019/12/15 v3.6 Data extraction from label references (HO)
)
(C:\Users\isabella.garfield\AppData\Local\Programs\MiKTeX\tex/generic/gettitles
tring\gettitlestring.sty
Package: gettitlestring 2019/12/15 v1.6 Cleanup title references (HO)

(C:\Users\isabella.garfield\AppData\Local\Programs\MiKTeX\tex/latex/kvoptions\k
voptions.sty
Package: kvoptions 2022-06-15 v3.15 Key value format for package options (HO)
))
\c@section@level=\count305
)
\@linkdim=\dimen175
\Hy@linkcounter=\count306
\Hy@pagecounter=\count307

(C:\Users\isabella.garfield\AppData\Local\Programs\MiKTeX\tex/latex/hyperref\pd
1enc.def
File: pd1enc.def 2023-11-26 v7.01g Hyperref: PDFDocEncoding definition (HO)
)
(C:\Users\isabella.garfield\AppData\Local\Programs\MiKTeX\tex/generic/intcalc\i
ntcalc.sty
Package: intcalc 2019/12/15 v1.3 Expandable calculations with integers (HO)
)
\Hy@SavedSpaceFactor=\count308

(C:\Users\isabella.garfield\AppData\Local\Programs\MiKTeX\tex/latex/hyperref\pu
enc.def
File: puenc.def 2023-11-26